20-Aug-2024 14:28:59.522 INFO [main] org.apache.catalina.startup.VersionLoggerListener.log Server version name:   Apache Tomcat/10.1.28
20-Aug-2024 14:28:59.528 INFO [main] org.apache.catalina.startup.VersionLoggerListener.log Server built:          Aug 2 2024 15:14:43 UTC
20-Aug-2024 14:28:59.529 INFO [main] org.apache.catalina.startup.VersionLoggerListener.log Server version number: 10.1.28.0
20-Aug-2024 14:28:59.529 INFO [main] org.apache.catalina.startup.VersionLoggerListener.log OS Name:               Windows 11
20-Aug-2024 14:28:59.529 INFO [main] org.apache.catalina.startup.VersionLoggerListener.log OS Version:            10.0
20-Aug-2024 14:28:59.529 INFO [main] org.apache.catalina.startup.VersionLoggerListener.log Architecture:          amd64
20-Aug-2024 14:28:59.529 INFO [main] org.apache.catalina.startup.VersionLoggerListener.log Java Home:             C:\Program Files\Java\jdk-22
20-Aug-2024 14:28:59.529 INFO [main] org.apache.catalina.startup.VersionLoggerListener.log JVM Version:           22.0.2+9-70
20-Aug-2024 14:28:59.529 INFO [main] org.apache.catalina.startup.VersionLoggerListener.log JVM Vendor:            Oracle Corporation
20-Aug-2024 14:28:59.529 INFO [main] org.apache.catalina.startup.VersionLoggerListener.log CATALINA_BASE:         C:\Users\hp\IdeaProjects\JSPMangoDB
20-Aug-2024 14:28:59.530 INFO [main] org.apache.catalina.startup.VersionLoggerListener.log CATALINA_HOME:         C:\Users\hp\Downloads\apache-tomcat-10.1.28-windows-x64\apache-tomcat-10.1.28
20-Aug-2024 14:28:59.544 INFO [main] org.apache.catalina.startup.VersionLoggerListener.log Command line argument: --add-opens=java.base/java.lang=ALL-UNNAMED
20-Aug-2024 14:28:59.544 INFO [main] org.apache.catalina.startup.VersionLoggerListener.log Command line argument: --add-opens=java.base/java.io=ALL-UNNAMED
20-Aug-2024 14:28:59.544 INFO [main] org.apache.catalina.startup.VersionLoggerListener.log Command line argument: --add-opens=java.base/java.util=ALL-UNNAMED
20-Aug-2024 14:28:59.544 INFO [main] org.apache.catalina.startup.VersionLoggerListener.log Command line argument: --add-opens=java.base/java.util.concurrent=ALL-UNNAMED
20-Aug-2024 14:28:59.544 INFO [main] org.apache.catalina.startup.VersionLoggerListener.log Command line argument: --add-opens=java.rmi/sun.rmi.transport=ALL-UNNAMED
20-Aug-2024 14:28:59.544 INFO [main] org.apache.catalina.startup.VersionLoggerListener.log Command line argument: -Dcatalina.home=C:\Users\hp\Downloads\apache-tomcat-10.1.28-windows-x64\apache-tomcat-10.1.28
20-Aug-2024 14:28:59.544 INFO [main] org.apache.catalina.startup.VersionLoggerListener.log Command line argument: -Dcatalina.base=C:\Users\hp\IdeaProjects\JSPMangoDB
20-Aug-2024 14:28:59.544 INFO [main] org.apache.catalina.startup.VersionLoggerListener.log Command line argument: -Djava.io.tmpdir=C:\Users\hp\IdeaProjects\JSPMangoDB\temp
20-Aug-2024 14:28:59.544 INFO [main] org.apache.catalina.startup.VersionLoggerListener.log Command line argument: -Djava.util.logging.config.file=C:\Users\hp\IdeaProjects\JSPMangoDB\conf\logging.properties
20-Aug-2024 14:28:59.544 INFO [main] org.apache.catalina.startup.VersionLoggerListener.log Command line argument: -Djava.util.logging.manager=org.apache.juli.ClassLoaderLogManager
20-Aug-2024 14:28:59.544 INFO [main] org.apache.catalina.startup.VersionLoggerListener.log Command line argument: -javaagent:C:\Program Files\JetBrains\IntelliJ IDEA Community Edition 2024.1.4\lib\idea_rt.jar=6394:C:\Program Files\JetBrains\IntelliJ IDEA Community Edition 2024.1.4\bin
20-Aug-2024 14:28:59.544 INFO [main] org.apache.catalina.startup.VersionLoggerListener.log Command line argument: -Dfile.encoding=UTF-8
20-Aug-2024 14:28:59.544 INFO [main] org.apache.catalina.startup.VersionLoggerListener.log Command line argument: -Dsun.stdout.encoding=UTF-8
20-Aug-2024 14:28:59.544 INFO [main] org.apache.catalina.startup.VersionLoggerListener.log Command line argument: -Dsun.stderr.encoding=UTF-8
20-Aug-2024 14:28:59.570 INFO [main] org.apache.catalina.core.AprLifecycleListener.lifecycleEvent Loaded Apache Tomcat Native library [2.0.8] using APR version [1.7.4].
20-Aug-2024 14:28:59.584 INFO [main] org.apache.catalina.core.AprLifecycleListener.initializeSSL OpenSSL successfully initialized [OpenSSL 3.0.14 4 Jun 2024]
20-Aug-2024 14:28:59.962 INFO [main] org.apache.coyote.AbstractProtocol.init Initializing ProtocolHandler ["http-nio-8080"]
20-Aug-2024 14:28:59.982 INFO [main] org.apache.catalina.startup.Catalina.load Server initialization in [675] milliseconds
20-Aug-2024 14:29:00.056 INFO [main] org.apache.catalina.core.StandardService.startInternal Starting service [Catalina]
20-Aug-2024 14:29:00.056 INFO [main] org.apache.catalina.core.StandardEngine.startInternal Starting Servlet engine: [Apache Tomcat/10.1.28]
20-Aug-2024 14:29:00.067 INFO [main] org.apache.catalina.startup.HostConfig.deployDescriptor Deploying deployment descriptor [C:\Users\hp\IdeaProjects\JSPMangoDB\conf\Catalina\localhost\JSPMangoDB.xml]
20-Aug-2024 14:29:00.390 INFO [main] org.apache.jasper.servlet.TldScanner.scanJars At least one JAR was scanned for TLDs yet contained no TLDs. Enable debug logging for this logger for a complete list of JARs that were scanned but no TLDs were found in them. Skipping unneeded JARs during scanning can improve startup time and JSP compilation time.
20-Aug-2024 14:29:00.442 INFO [main] org.apache.catalina.startup.HostConfig.deployDescriptor Deployment of deployment descriptor [C:\Users\hp\IdeaProjects\JSPMangoDB\conf\Catalina\localhost\JSPMangoDB.xml] has finished in [375] ms
20-Aug-2024 14:29:00.448 INFO [main] org.apache.coyote.AbstractProtocol.start Starting ProtocolHandler ["http-nio-8080"]
20-Aug-2024 14:29:00.491 INFO [main] org.apache.catalina.startup.Catalina.start Server startup in [507] milliseconds
20-Aug-2024 14:49:52.323 INFO [Thread-1] org.apache.coyote.AbstractProtocol.pause Pausing ProtocolHandler ["http-nio-8080"]
20-Aug-2024 14:49:52.336 INFO [Thread-1] org.apache.catalina.core.StandardService.stopInternal Stopping service [Catalina]
20-Aug-2024 14:49:52.355 INFO [Thread-1] org.apache.coyote.AbstractProtocol.stop Stopping ProtocolHandler ["http-nio-8080"]
20-Aug-2024 14:49:52.365 INFO [Thread-1] org.apache.coyote.AbstractProtocol.destroy Destroying ProtocolHandler ["http-nio-8080"]
20-Aug-2024 14:49:54.068 INFO [main] org.apache.catalina.startup.VersionLoggerListener.log Server version name:   Apache Tomcat/10.1.28
20-Aug-2024 14:49:54.073 INFO [main] org.apache.catalina.startup.VersionLoggerListener.log Server built:          Aug 2 2024 15:14:43 UTC
20-Aug-2024 14:49:54.074 INFO [main] org.apache.catalina.startup.VersionLoggerListener.log Server version number: 10.1.28.0
20-Aug-2024 14:49:54.074 INFO [main] org.apache.catalina.startup.VersionLoggerListener.log OS Name:               Windows 11
20-Aug-2024 14:49:54.074 INFO [main] org.apache.catalina.startup.VersionLoggerListener.log OS Version:            10.0
20-Aug-2024 14:49:54.074 INFO [main] org.apache.catalina.startup.VersionLoggerListener.log Architecture:          amd64
20-Aug-2024 14:49:54.074 INFO [main] org.apache.catalina.startup.VersionLoggerListener.log Java Home:             C:\Program Files\Java\jdk-22
20-Aug-2024 14:49:54.074 INFO [main] org.apache.catalina.startup.VersionLoggerListener.log JVM Version:           22.0.2+9-70
20-Aug-2024 14:49:54.074 INFO [main] org.apache.catalina.startup.VersionLoggerListener.log JVM Vendor:            Oracle Corporation
20-Aug-2024 14:49:54.075 INFO [main] org.apache.catalina.startup.VersionLoggerListener.log CATALINA_BASE:         C:\Users\hp\IdeaProjects\JSPMangoDB
20-Aug-2024 14:49:54.075 INFO [main] org.apache.catalina.startup.VersionLoggerListener.log CATALINA_HOME:         C:\Users\hp\Downloads\apache-tomcat-10.1.28-windows-x64\apache-tomcat-10.1.28
20-Aug-2024 14:49:54.086 INFO [main] org.apache.catalina.startup.VersionLoggerListener.log Command line argument: --add-opens=java.base/java.lang=ALL-UNNAMED
20-Aug-2024 14:49:54.086 INFO [main] org.apache.catalina.startup.VersionLoggerListener.log Command line argument: --add-opens=java.base/java.io=ALL-UNNAMED
20-Aug-2024 14:49:54.086 INFO [main] org.apache.catalina.startup.VersionLoggerListener.log Command line argument: --add-opens=java.base/java.util=ALL-UNNAMED
20-Aug-2024 14:49:54.086 INFO [main] org.apache.catalina.startup.VersionLoggerListener.log Command line argument: --add-opens=java.base/java.util.concurrent=ALL-UNNAMED
20-Aug-2024 14:49:54.086 INFO [main] org.apache.catalina.startup.VersionLoggerListener.log Command line argument: --add-opens=java.rmi/sun.rmi.transport=ALL-UNNAMED
20-Aug-2024 14:49:54.086 INFO [main] org.apache.catalina.startup.VersionLoggerListener.log Command line argument: -Dcatalina.home=C:\Users\hp\Downloads\apache-tomcat-10.1.28-windows-x64\apache-tomcat-10.1.28
20-Aug-2024 14:49:54.087 INFO [main] org.apache.catalina.startup.VersionLoggerListener.log Command line argument: -Dcatalina.base=C:\Users\hp\IdeaProjects\JSPMangoDB
20-Aug-2024 14:49:54.087 INFO [main] org.apache.catalina.startup.VersionLoggerListener.log Command line argument: -Djava.io.tmpdir=C:\Users\hp\IdeaProjects\JSPMangoDB\temp
20-Aug-2024 14:49:54.087 INFO [main] org.apache.catalina.startup.VersionLoggerListener.log Command line argument: -Djava.util.logging.config.file=C:\Users\hp\IdeaProjects\JSPMangoDB\conf\logging.properties
20-Aug-2024 14:49:54.087 INFO [main] org.apache.catalina.startup.VersionLoggerListener.log Command line argument: -Djava.util.logging.manager=org.apache.juli.ClassLoaderLogManager
20-Aug-2024 14:49:54.087 INFO [main] org.apache.catalina.startup.VersionLoggerListener.log Command line argument: -javaagent:C:\Program Files\JetBrains\IntelliJ IDEA Community Edition 2024.1.4\lib\idea_rt.jar=6580:C:\Program Files\JetBrains\IntelliJ IDEA Community Edition 2024.1.4\bin
20-Aug-2024 14:49:54.087 INFO [main] org.apache.catalina.startup.VersionLoggerListener.log Command line argument: -Dfile.encoding=UTF-8
20-Aug-2024 14:49:54.087 INFO [main] org.apache.catalina.startup.VersionLoggerListener.log Command line argument: -Dsun.stdout.encoding=UTF-8
20-Aug-2024 14:49:54.087 INFO [main] org.apache.catalina.startup.VersionLoggerListener.log Command line argument: -Dsun.stderr.encoding=UTF-8
20-Aug-2024 14:49:54.091 INFO [main] org.apache.catalina.core.AprLifecycleListener.lifecycleEvent Loaded Apache Tomcat Native library [2.0.8] using APR version [1.7.4].
20-Aug-2024 14:49:54.098 INFO [main] org.apache.catalina.core.AprLifecycleListener.initializeSSL OpenSSL successfully initialized [OpenSSL 3.0.14 4 Jun 2024]
20-Aug-2024 14:49:54.570 INFO [main] org.apache.coyote.AbstractProtocol.init Initializing ProtocolHandler ["http-nio-8080"]
20-Aug-2024 14:49:54.599 INFO [main] org.apache.catalina.startup.Catalina.load Server initialization in [800] milliseconds
20-Aug-2024 14:49:54.665 INFO [main] org.apache.catalina.core.StandardService.startInternal Starting service [Catalina]
20-Aug-2024 14:49:54.666 INFO [main] org.apache.catalina.core.StandardEngine.startInternal Starting Servlet engine: [Apache Tomcat/10.1.28]
20-Aug-2024 14:49:54.676 INFO [main] org.apache.catalina.startup.HostConfig.deployDescriptor Deploying deployment descriptor [C:\Users\hp\IdeaProjects\JSPMangoDB\conf\Catalina\localhost\JSPMangoDB.xml]
20-Aug-2024 14:49:55.069 INFO [main] org.apache.jasper.servlet.TldScanner.scanJars At least one JAR was scanned for TLDs yet contained no TLDs. Enable debug logging for this logger for a complete list of JARs that were scanned but no TLDs were found in them. Skipping unneeded JARs during scanning can improve startup time and JSP compilation time.
20-Aug-2024 14:49:55.121 INFO [main] org.apache.catalina.startup.HostConfig.deployDescriptor Deployment of deployment descriptor [C:\Users\hp\IdeaProjects\JSPMangoDB\conf\Catalina\localhost\JSPMangoDB.xml] has finished in [444] ms
20-Aug-2024 14:49:55.125 INFO [main] org.apache.coyote.AbstractProtocol.start Starting ProtocolHandler ["http-nio-8080"]
20-Aug-2024 14:49:55.161 INFO [main] org.apache.catalina.startup.Catalina.start Server startup in [560] milliseconds
20-Aug-2024 14:52:51.035 INFO [Thread-1] org.apache.coyote.AbstractProtocol.pause Pausing ProtocolHandler ["http-nio-8080"]
20-Aug-2024 14:52:51.049 INFO [Thread-1] org.apache.catalina.core.StandardService.stopInternal Stopping service [Catalina]
20-Aug-2024 14:52:51.059 INFO [Thread-1] org.apache.coyote.AbstractProtocol.stop Stopping ProtocolHandler ["http-nio-8080"]
20-Aug-2024 14:52:51.079 INFO [Thread-1] org.apache.coyote.AbstractProtocol.destroy Destroying ProtocolHandler ["http-nio-8080"]
20-Aug-2024 14:52:52.625 INFO [main] org.apache.catalina.startup.VersionLoggerListener.log Server version name:   Apache Tomcat/10.1.28
20-Aug-2024 14:52:52.631 INFO [main] org.apache.catalina.startup.VersionLoggerListener.log Server built:          Aug 2 2024 15:14:43 UTC
20-Aug-2024 14:52:52.631 INFO [main] org.apache.catalina.startup.VersionLoggerListener.log Server version number: 10.1.28.0
20-Aug-2024 14:52:52.631 INFO [main] org.apache.catalina.startup.VersionLoggerListener.log OS Name:               Windows 11
20-Aug-2024 14:52:52.631 INFO [main] org.apache.catalina.startup.VersionLoggerListener.log OS Version:            10.0
20-Aug-2024 14:52:52.631 INFO [main] org.apache.catalina.startup.VersionLoggerListener.log Architecture:          amd64
20-Aug-2024 14:52:52.632 INFO [main] org.apache.catalina.startup.VersionLoggerListener.log Java Home:             C:\Program Files\Java\jdk-22
20-Aug-2024 14:52:52.632 INFO [main] org.apache.catalina.startup.VersionLoggerListener.log JVM Version:           22.0.2+9-70
20-Aug-2024 14:52:52.632 INFO [main] org.apache.catalina.startup.VersionLoggerListener.log JVM Vendor:            Oracle Corporation
20-Aug-2024 14:52:52.632 INFO [main] org.apache.catalina.startup.VersionLoggerListener.log CATALINA_BASE:         C:\Users\hp\IdeaProjects\JSPMangoDB
20-Aug-2024 14:52:52.632 INFO [main] org.apache.catalina.startup.VersionLoggerListener.log CATALINA_HOME:         C:\Users\hp\Downloads\apache-tomcat-10.1.28-windows-x64\apache-tomcat-10.1.28
20-Aug-2024 14:52:52.645 INFO [main] org.apache.catalina.startup.VersionLoggerListener.log Command line argument: --add-opens=java.base/java.lang=ALL-UNNAMED
20-Aug-2024 14:52:52.645 INFO [main] org.apache.catalina.startup.VersionLoggerListener.log Command line argument: --add-opens=java.base/java.io=ALL-UNNAMED
20-Aug-2024 14:52:52.645 INFO [main] org.apache.catalina.startup.VersionLoggerListener.log Command line argument: --add-opens=java.base/java.util=ALL-UNNAMED
20-Aug-2024 14:52:52.645 INFO [main] org.apache.catalina.startup.VersionLoggerListener.log Command line argument: --add-opens=java.base/java.util.concurrent=ALL-UNNAMED
20-Aug-2024 14:52:52.645 INFO [main] org.apache.catalina.startup.VersionLoggerListener.log Command line argument: --add-opens=java.rmi/sun.rmi.transport=ALL-UNNAMED
20-Aug-2024 14:52:52.646 INFO [main] org.apache.catalina.startup.VersionLoggerListener.log Command line argument: -Dcatalina.home=C:\Users\hp\Downloads\apache-tomcat-10.1.28-windows-x64\apache-tomcat-10.1.28
20-Aug-2024 14:52:52.646 INFO [main] org.apache.catalina.startup.VersionLoggerListener.log Command line argument: -Dcatalina.base=C:\Users\hp\IdeaProjects\JSPMangoDB
20-Aug-2024 14:52:52.646 INFO [main] org.apache.catalina.startup.VersionLoggerListener.log Command line argument: -Djava.io.tmpdir=C:\Users\hp\IdeaProjects\JSPMangoDB\temp
20-Aug-2024 14:52:52.646 INFO [main] org.apache.catalina.startup.VersionLoggerListener.log Command line argument: -Djava.util.logging.config.file=C:\Users\hp\IdeaProjects\JSPMangoDB\conf\logging.properties
20-Aug-2024 14:52:52.646 INFO [main] org.apache.catalina.startup.VersionLoggerListener.log Command line argument: -Djava.util.logging.manager=org.apache.juli.ClassLoaderLogManager
20-Aug-2024 14:52:52.647 INFO [main] org.apache.catalina.startup.VersionLoggerListener.log Command line argument: -javaagent:C:\Program Files\JetBrains\IntelliJ IDEA Community Edition 2024.1.4\lib\idea_rt.jar=6622:C:\Program Files\JetBrains\IntelliJ IDEA Community Edition 2024.1.4\bin
20-Aug-2024 14:52:52.647 INFO [main] org.apache.catalina.startup.VersionLoggerListener.log Command line argument: -Dfile.encoding=UTF-8
20-Aug-2024 14:52:52.647 INFO [main] org.apache.catalina.startup.VersionLoggerListener.log Command line argument: -Dsun.stdout.encoding=UTF-8
20-Aug-2024 14:52:52.647 INFO [main] org.apache.catalina.startup.VersionLoggerListener.log Command line argument: -Dsun.stderr.encoding=UTF-8
20-Aug-2024 14:52:52.650 INFO [main] org.apache.catalina.core.AprLifecycleListener.lifecycleEvent Loaded Apache Tomcat Native library [2.0.8] using APR version [1.7.4].
20-Aug-2024 14:52:52.657 INFO [main] org.apache.catalina.core.AprLifecycleListener.initializeSSL OpenSSL successfully initialized [OpenSSL 3.0.14 4 Jun 2024]
20-Aug-2024 14:52:53.149 INFO [main] org.apache.coyote.AbstractProtocol.init Initializing ProtocolHandler ["http-nio-8080"]
20-Aug-2024 14:52:53.176 INFO [main] org.apache.catalina.startup.Catalina.load Server initialization in [870] milliseconds
20-Aug-2024 14:52:53.237 INFO [main] org.apache.catalina.core.StandardService.startInternal Starting service [Catalina]
20-Aug-2024 14:52:53.237 INFO [main] org.apache.catalina.core.StandardEngine.startInternal Starting Servlet engine: [Apache Tomcat/10.1.28]
20-Aug-2024 14:52:53.250 INFO [main] org.apache.catalina.startup.HostConfig.deployDescriptor Deploying deployment descriptor [C:\Users\hp\IdeaProjects\JSPMangoDB\conf\Catalina\localhost\JSPMangoDB.xml]
20-Aug-2024 14:52:53.637 INFO [main] org.apache.jasper.servlet.TldScanner.scanJars At least one JAR was scanned for TLDs yet contained no TLDs. Enable debug logging for this logger for a complete list of JARs that were scanned but no TLDs were found in them. Skipping unneeded JARs during scanning can improve startup time and JSP compilation time.
20-Aug-2024 14:52:53.700 INFO [main] org.apache.catalina.startup.HostConfig.deployDescriptor Deployment of deployment descriptor [C:\Users\hp\IdeaProjects\JSPMangoDB\conf\Catalina\localhost\JSPMangoDB.xml] has finished in [450] ms
20-Aug-2024 14:52:53.705 INFO [main] org.apache.coyote.AbstractProtocol.start Starting ProtocolHandler ["http-nio-8080"]
20-Aug-2024 14:52:53.742 INFO [main] org.apache.catalina.startup.Catalina.start Server startup in [564] milliseconds
20-Aug-2024 14:54:13.357 INFO [Thread-1] org.apache.coyote.AbstractProtocol.pause Pausing ProtocolHandler ["http-nio-8080"]
20-Aug-2024 14:54:13.371 INFO [Thread-1] org.apache.catalina.core.StandardService.stopInternal Stopping service [Catalina]
20-Aug-2024 14:54:13.386 INFO [Thread-1] org.apache.coyote.AbstractProtocol.stop Stopping ProtocolHandler ["http-nio-8080"]
20-Aug-2024 14:54:13.400 INFO [Thread-1] org.apache.coyote.AbstractProtocol.destroy Destroying ProtocolHandler ["http-nio-8080"]
20-Aug-2024 14:54:14.889 INFO [main] org.apache.catalina.startup.VersionLoggerListener.log Server version name:   Apache Tomcat/10.1.28
20-Aug-2024 14:54:14.896 INFO [main] org.apache.catalina.startup.VersionLoggerListener.log Server built:          Aug 2 2024 15:14:43 UTC
20-Aug-2024 14:54:14.896 INFO [main] org.apache.catalina.startup.VersionLoggerListener.log Server version number: 10.1.28.0
20-Aug-2024 14:54:14.896 INFO [main] org.apache.catalina.startup.VersionLoggerListener.log OS Name:               Windows 11
20-Aug-2024 14:54:14.896 INFO [main] org.apache.catalina.startup.VersionLoggerListener.log OS Version:            10.0
20-Aug-2024 14:54:14.896 INFO [main] org.apache.catalina.startup.VersionLoggerListener.log Architecture:          amd64
20-Aug-2024 14:54:14.897 INFO [main] org.apache.catalina.startup.VersionLoggerListener.log Java Home:             C:\Program Files\Java\jdk-22
20-Aug-2024 14:54:14.897 INFO [main] org.apache.catalina.startup.VersionLoggerListener.log JVM Version:           22.0.2+9-70
20-Aug-2024 14:54:14.897 INFO [main] org.apache.catalina.startup.VersionLoggerListener.log JVM Vendor:            Oracle Corporation
20-Aug-2024 14:54:14.897 INFO [main] org.apache.catalina.startup.VersionLoggerListener.log CATALINA_BASE:         C:\Users\hp\IdeaProjects\JSPMangoDB
20-Aug-2024 14:54:14.897 INFO [main] org.apache.catalina.startup.VersionLoggerListener.log CATALINA_HOME:         C:\Users\hp\Downloads\apache-tomcat-10.1.28-windows-x64\apache-tomcat-10.1.28
20-Aug-2024 14:54:14.911 INFO [main] org.apache.catalina.startup.VersionLoggerListener.log Command line argument: --add-opens=java.base/java.lang=ALL-UNNAMED
20-Aug-2024 14:54:14.911 INFO [main] org.apache.catalina.startup.VersionLoggerListener.log Command line argument: --add-opens=java.base/java.io=ALL-UNNAMED
20-Aug-2024 14:54:14.911 INFO [main] org.apache.catalina.startup.VersionLoggerListener.log Command line argument: --add-opens=java.base/java.util=ALL-UNNAMED
20-Aug-2024 14:54:14.911 INFO [main] org.apache.catalina.startup.VersionLoggerListener.log Command line argument: --add-opens=java.base/java.util.concurrent=ALL-UNNAMED
20-Aug-2024 14:54:14.911 INFO [main] org.apache.catalina.startup.VersionLoggerListener.log Command line argument: --add-opens=java.rmi/sun.rmi.transport=ALL-UNNAMED
20-Aug-2024 14:54:14.911 INFO [main] org.apache.catalina.startup.VersionLoggerListener.log Command line argument: -Dcatalina.home=C:\Users\hp\Downloads\apache-tomcat-10.1.28-windows-x64\apache-tomcat-10.1.28
20-Aug-2024 14:54:14.911 INFO [main] org.apache.catalina.startup.VersionLoggerListener.log Command line argument: -Dcatalina.base=C:\Users\hp\IdeaProjects\JSPMangoDB
20-Aug-2024 14:54:14.911 INFO [main] org.apache.catalina.startup.VersionLoggerListener.log Command line argument: -Djava.io.tmpdir=C:\Users\hp\IdeaProjects\JSPMangoDB\temp
20-Aug-2024 14:54:14.911 INFO [main] org.apache.catalina.startup.VersionLoggerListener.log Command line argument: -Djava.util.logging.config.file=C:\Users\hp\IdeaProjects\JSPMangoDB\conf\logging.properties
20-Aug-2024 14:54:14.911 INFO [main] org.apache.catalina.startup.VersionLoggerListener.log Command line argument: -Djava.util.logging.manager=org.apache.juli.ClassLoaderLogManager
20-Aug-2024 14:54:14.912 INFO [main] org.apache.catalina.startup.VersionLoggerListener.log Command line argument: -javaagent:C:\Program Files\JetBrains\IntelliJ IDEA Community Edition 2024.1.4\lib\idea_rt.jar=6656:C:\Program Files\JetBrains\IntelliJ IDEA Community Edition 2024.1.4\bin
20-Aug-2024 14:54:14.912 INFO [main] org.apache.catalina.startup.VersionLoggerListener.log Command line argument: -Dfile.encoding=UTF-8
20-Aug-2024 14:54:14.912 INFO [main] org.apache.catalina.startup.VersionLoggerListener.log Command line argument: -Dsun.stdout.encoding=UTF-8
20-Aug-2024 14:54:14.912 INFO [main] org.apache.catalina.startup.VersionLoggerListener.log Command line argument: -Dsun.stderr.encoding=UTF-8
20-Aug-2024 14:54:14.914 INFO [main] org.apache.catalina.core.AprLifecycleListener.lifecycleEvent Loaded Apache Tomcat Native library [2.0.8] using APR version [1.7.4].
20-Aug-2024 14:54:14.920 INFO [main] org.apache.catalina.core.AprLifecycleListener.initializeSSL OpenSSL successfully initialized [OpenSSL 3.0.14 4 Jun 2024]
20-Aug-2024 14:54:15.347 INFO [main] org.apache.coyote.AbstractProtocol.init Initializing ProtocolHandler ["http-nio-8080"]
20-Aug-2024 14:54:15.382 INFO [main] org.apache.catalina.startup.Catalina.load Server initialization in [731] milliseconds
20-Aug-2024 14:54:15.441 INFO [main] org.apache.catalina.core.StandardService.startInternal Starting service [Catalina]
20-Aug-2024 14:54:15.441 INFO [main] org.apache.catalina.core.StandardEngine.startInternal Starting Servlet engine: [Apache Tomcat/10.1.28]
20-Aug-2024 14:54:15.455 INFO [main] org.apache.catalina.startup.HostConfig.deployDescriptor Deploying deployment descriptor [C:\Users\hp\IdeaProjects\JSPMangoDB\conf\Catalina\localhost\JSPMangoDB.xml]
20-Aug-2024 14:54:15.821 INFO [main] org.apache.jasper.servlet.TldScanner.scanJars At least one JAR was scanned for TLDs yet contained no TLDs. Enable debug logging for this logger for a complete list of JARs that were scanned but no TLDs were found in them. Skipping unneeded JARs during scanning can improve startup time and JSP compilation time.
20-Aug-2024 14:54:15.876 INFO [main] org.apache.catalina.startup.HostConfig.deployDescriptor Deployment of deployment descriptor [C:\Users\hp\IdeaProjects\JSPMangoDB\conf\Catalina\localhost\JSPMangoDB.xml] has finished in [421] ms
20-Aug-2024 14:54:15.879 INFO [main] org.apache.coyote.AbstractProtocol.start Starting ProtocolHandler ["http-nio-8080"]
20-Aug-2024 14:54:15.911 INFO [main] org.apache.catalina.startup.Catalina.start Server startup in [526] milliseconds
20-Aug-2024 15:08:16.587 INFO [Thread-1] org.apache.coyote.AbstractProtocol.pause Pausing ProtocolHandler ["http-nio-8080"]
20-Aug-2024 15:08:16.601 INFO [Thread-1] org.apache.catalina.core.StandardService.stopInternal Stopping service [Catalina]
20-Aug-2024 15:08:16.617 INFO [Thread-1] org.apache.coyote.AbstractProtocol.stop Stopping ProtocolHandler ["http-nio-8080"]
20-Aug-2024 15:08:16.641 INFO [Thread-1] org.apache.coyote.AbstractProtocol.destroy Destroying ProtocolHandler ["http-nio-8080"]
20-Aug-2024 15:08:18.366 INFO [main] org.apache.catalina.startup.VersionLoggerListener.log Server version name:   Apache Tomcat/10.1.28
20-Aug-2024 15:08:18.371 INFO [main] org.apache.catalina.startup.VersionLoggerListener.log Server built:          Aug 2 2024 15:14:43 UTC
20-Aug-2024 15:08:18.372 INFO [main] org.apache.catalina.startup.VersionLoggerListener.log Server version number: 10.1.28.0
20-Aug-2024 15:08:18.372 INFO [main] org.apache.catalina.startup.VersionLoggerListener.log OS Name:               Windows 11
20-Aug-2024 15:08:18.372 INFO [main] org.apache.catalina.startup.VersionLoggerListener.log OS Version:            10.0
20-Aug-2024 15:08:18.372 INFO [main] org.apache.catalina.startup.VersionLoggerListener.log Architecture:          amd64
20-Aug-2024 15:08:18.372 INFO [main] org.apache.catalina.startup.VersionLoggerListener.log Java Home:             C:\Program Files\Java\jdk-22
20-Aug-2024 15:08:18.372 INFO [main] org.apache.catalina.startup.VersionLoggerListener.log JVM Version:           22.0.2+9-70
20-Aug-2024 15:08:18.372 INFO [main] org.apache.catalina.startup.VersionLoggerListener.log JVM Vendor:            Oracle Corporation
20-Aug-2024 15:08:18.372 INFO [main] org.apache.catalina.startup.VersionLoggerListener.log CATALINA_BASE:         C:\Users\hp\IdeaProjects\JSPMangoDB
20-Aug-2024 15:08:18.372 INFO [main] org.apache.catalina.startup.VersionLoggerListener.log CATALINA_HOME:         C:\Users\hp\Downloads\apache-tomcat-10.1.28-windows-x64\apache-tomcat-10.1.28
20-Aug-2024 15:08:18.383 INFO [main] org.apache.catalina.startup.VersionLoggerListener.log Command line argument: --add-opens=java.base/java.lang=ALL-UNNAMED
20-Aug-2024 15:08:18.383 INFO [main] org.apache.catalina.startup.VersionLoggerListener.log Command line argument: --add-opens=java.base/java.io=ALL-UNNAMED
20-Aug-2024 15:08:18.383 INFO [main] org.apache.catalina.startup.VersionLoggerListener.log Command line argument: --add-opens=java.base/java.util=ALL-UNNAMED
20-Aug-2024 15:08:18.383 INFO [main] org.apache.catalina.startup.VersionLoggerListener.log Command line argument: --add-opens=java.base/java.util.concurrent=ALL-UNNAMED
20-Aug-2024 15:08:18.383 INFO [main] org.apache.catalina.startup.VersionLoggerListener.log Command line argument: --add-opens=java.rmi/sun.rmi.transport=ALL-UNNAMED
20-Aug-2024 15:08:18.383 INFO [main] org.apache.catalina.startup.VersionLoggerListener.log Command line argument: -Dcatalina.home=C:\Users\hp\Downloads\apache-tomcat-10.1.28-windows-x64\apache-tomcat-10.1.28
20-Aug-2024 15:08:18.383 INFO [main] org.apache.catalina.startup.VersionLoggerListener.log Command line argument: -Dcatalina.base=C:\Users\hp\IdeaProjects\JSPMangoDB
20-Aug-2024 15:08:18.385 INFO [main] org.apache.catalina.startup.VersionLoggerListener.log Command line argument: -Djava.io.tmpdir=C:\Users\hp\IdeaProjects\JSPMangoDB\temp
20-Aug-2024 15:08:18.385 INFO [main] org.apache.catalina.startup.VersionLoggerListener.log Command line argument: -Djava.util.logging.config.file=C:\Users\hp\IdeaProjects\JSPMangoDB\conf\logging.properties
20-Aug-2024 15:08:18.385 INFO [main] org.apache.catalina.startup.VersionLoggerListener.log Command line argument: -Djava.util.logging.manager=org.apache.juli.ClassLoaderLogManager
20-Aug-2024 15:08:18.385 INFO [main] org.apache.catalina.startup.VersionLoggerListener.log Command line argument: -javaagent:C:\Program Files\JetBrains\IntelliJ IDEA Community Edition 2024.1.4\lib\idea_rt.jar=12232:C:\Program Files\JetBrains\IntelliJ IDEA Community Edition 2024.1.4\bin
20-Aug-2024 15:08:18.385 INFO [main] org.apache.catalina.startup.VersionLoggerListener.log Command line argument: -Dfile.encoding=UTF-8
20-Aug-2024 15:08:18.385 INFO [main] org.apache.catalina.startup.VersionLoggerListener.log Command line argument: -Dsun.stdout.encoding=UTF-8
20-Aug-2024 15:08:18.385 INFO [main] org.apache.catalina.startup.VersionLoggerListener.log Command line argument: -Dsun.stderr.encoding=UTF-8
20-Aug-2024 15:08:18.388 INFO [main] org.apache.catalina.core.AprLifecycleListener.lifecycleEvent Loaded Apache Tomcat Native library [2.0.8] using APR version [1.7.4].
20-Aug-2024 15:08:18.395 INFO [main] org.apache.catalina.core.AprLifecycleListener.initializeSSL OpenSSL successfully initialized [OpenSSL 3.0.14 4 Jun 2024]
20-Aug-2024 15:08:18.833 INFO [main] org.apache.coyote.AbstractProtocol.init Initializing ProtocolHandler ["http-nio-8080"]
20-Aug-2024 15:08:18.862 INFO [main] org.apache.catalina.startup.Catalina.load Server initialization in [796] milliseconds
20-Aug-2024 15:08:18.922 INFO [main] org.apache.catalina.core.StandardService.startInternal Starting service [Catalina]
20-Aug-2024 15:08:18.922 INFO [main] org.apache.catalina.core.StandardEngine.startInternal Starting Servlet engine: [Apache Tomcat/10.1.28]
20-Aug-2024 15:08:18.932 INFO [main] org.apache.catalina.startup.HostConfig.deployDescriptor Deploying deployment descriptor [C:\Users\hp\IdeaProjects\JSPMangoDB\conf\Catalina\localhost\JSPMangoDB.xml]
20-Aug-2024 15:08:19.343 INFO [main] org.apache.jasper.servlet.TldScanner.scanJars At least one JAR was scanned for TLDs yet contained no TLDs. Enable debug logging for this logger for a complete list of JARs that were scanned but no TLDs were found in them. Skipping unneeded JARs during scanning can improve startup time and JSP compilation time.
20-Aug-2024 15:08:19.396 INFO [main] org.apache.catalina.startup.HostConfig.deployDescriptor Deployment of deployment descriptor [C:\Users\hp\IdeaProjects\JSPMangoDB\conf\Catalina\localhost\JSPMangoDB.xml] has finished in [464] ms
20-Aug-2024 15:08:19.401 INFO [main] org.apache.coyote.AbstractProtocol.start Starting ProtocolHandler ["http-nio-8080"]
20-Aug-2024 15:08:19.438 INFO [main] org.apache.catalina.startup.Catalina.start Server startup in [573] milliseconds
20-Aug-2024 15:09:58.043 INFO [Thread-1] org.apache.coyote.AbstractProtocol.pause Pausing ProtocolHandler ["http-nio-8080"]
20-Aug-2024 15:09:58.054 INFO [Thread-1] org.apache.catalina.core.StandardService.stopInternal Stopping service [Catalina]
20-Aug-2024 15:09:58.066 INFO [Thread-1] org.apache.coyote.AbstractProtocol.stop Stopping ProtocolHandler ["http-nio-8080"]
20-Aug-2024 15:09:58.080 INFO [Thread-1] org.apache.coyote.AbstractProtocol.destroy Destroying ProtocolHandler ["http-nio-8080"]
20-Aug-2024 15:09:59.602 INFO [main] org.apache.catalina.startup.VersionLoggerListener.log Server version name:   Apache Tomcat/10.1.28
20-Aug-2024 15:09:59.606 INFO [main] org.apache.catalina.startup.VersionLoggerListener.log Server built:          Aug 2 2024 15:14:43 UTC
20-Aug-2024 15:09:59.606 INFO [main] org.apache.catalina.startup.VersionLoggerListener.log Server version number: 10.1.28.0
20-Aug-2024 15:09:59.606 INFO [main] org.apache.catalina.startup.VersionLoggerListener.log OS Name:               Windows 11
20-Aug-2024 15:09:59.606 INFO [main] org.apache.catalina.startup.VersionLoggerListener.log OS Version:            10.0
20-Aug-2024 15:09:59.607 INFO [main] org.apache.catalina.startup.VersionLoggerListener.log Architecture:          amd64
20-Aug-2024 15:09:59.607 INFO [main] org.apache.catalina.startup.VersionLoggerListener.log Java Home:             C:\Program Files\Java\jdk-22
20-Aug-2024 15:09:59.607 INFO [main] org.apache.catalina.startup.VersionLoggerListener.log JVM Version:           22.0.2+9-70
20-Aug-2024 15:09:59.607 INFO [main] org.apache.catalina.startup.VersionLoggerListener.log JVM Vendor:            Oracle Corporation
20-Aug-2024 15:09:59.607 INFO [main] org.apache.catalina.startup.VersionLoggerListener.log CATALINA_BASE:         C:\Users\hp\IdeaProjects\JSPMangoDB
20-Aug-2024 15:09:59.607 INFO [main] org.apache.catalina.startup.VersionLoggerListener.log CATALINA_HOME:         C:\Users\hp\Downloads\apache-tomcat-10.1.28-windows-x64\apache-tomcat-10.1.28
20-Aug-2024 15:09:59.616 INFO [main] org.apache.catalina.startup.VersionLoggerListener.log Command line argument: --add-opens=java.base/java.lang=ALL-UNNAMED
20-Aug-2024 15:09:59.616 INFO [main] org.apache.catalina.startup.VersionLoggerListener.log Command line argument: --add-opens=java.base/java.io=ALL-UNNAMED
20-Aug-2024 15:09:59.617 INFO [main] org.apache.catalina.startup.VersionLoggerListener.log Command line argument: --add-opens=java.base/java.util=ALL-UNNAMED
20-Aug-2024 15:09:59.617 INFO [main] org.apache.catalina.startup.VersionLoggerListener.log Command line argument: --add-opens=java.base/java.util.concurrent=ALL-UNNAMED
20-Aug-2024 15:09:59.617 INFO [main] org.apache.catalina.startup.VersionLoggerListener.log Command line argument: --add-opens=java.rmi/sun.rmi.transport=ALL-UNNAMED
20-Aug-2024 15:09:59.617 INFO [main] org.apache.catalina.startup.VersionLoggerListener.log Command line argument: -Dcatalina.home=C:\Users\hp\Downloads\apache-tomcat-10.1.28-windows-x64\apache-tomcat-10.1.28
20-Aug-2024 15:09:59.617 INFO [main] org.apache.catalina.startup.VersionLoggerListener.log Command line argument: -Dcatalina.base=C:\Users\hp\IdeaProjects\JSPMangoDB
20-Aug-2024 15:09:59.617 INFO [main] org.apache.catalina.startup.VersionLoggerListener.log Command line argument: -Djava.io.tmpdir=C:\Users\hp\IdeaProjects\JSPMangoDB\temp
20-Aug-2024 15:09:59.617 INFO [main] org.apache.catalina.startup.VersionLoggerListener.log Command line argument: -Djava.util.logging.config.file=C:\Users\hp\IdeaProjects\JSPMangoDB\conf\logging.properties
20-Aug-2024 15:09:59.617 INFO [main] org.apache.catalina.startup.VersionLoggerListener.log Command line argument: -Djava.util.logging.manager=org.apache.juli.ClassLoaderLogManager
20-Aug-2024 15:09:59.617 INFO [main] org.apache.catalina.startup.VersionLoggerListener.log Command line argument: -javaagent:C:\Program Files\JetBrains\IntelliJ IDEA Community Edition 2024.1.4\lib\idea_rt.jar=12255:C:\Program Files\JetBrains\IntelliJ IDEA Community Edition 2024.1.4\bin
20-Aug-2024 15:09:59.617 INFO [main] org.apache.catalina.startup.VersionLoggerListener.log Command line argument: -Dfile.encoding=UTF-8
20-Aug-2024 15:09:59.617 INFO [main] org.apache.catalina.startup.VersionLoggerListener.log Command line argument: -Dsun.stdout.encoding=UTF-8
20-Aug-2024 15:09:59.617 INFO [main] org.apache.catalina.startup.VersionLoggerListener.log Command line argument: -Dsun.stderr.encoding=UTF-8
20-Aug-2024 15:09:59.620 INFO [main] org.apache.catalina.core.AprLifecycleListener.lifecycleEvent Loaded Apache Tomcat Native library [2.0.8] using APR version [1.7.4].
20-Aug-2024 15:09:59.627 INFO [main] org.apache.catalina.core.AprLifecycleListener.initializeSSL OpenSSL successfully initialized [OpenSSL 3.0.14 4 Jun 2024]
20-Aug-2024 15:09:59.990 INFO [main] org.apache.coyote.AbstractProtocol.init Initializing ProtocolHandler ["http-nio-8080"]
20-Aug-2024 15:10:00.015 INFO [main] org.apache.catalina.startup.Catalina.load Server initialization in [661] milliseconds
20-Aug-2024 15:10:00.096 INFO [main] org.apache.catalina.core.StandardService.startInternal Starting service [Catalina]
20-Aug-2024 15:10:00.097 INFO [main] org.apache.catalina.core.StandardEngine.startInternal Starting Servlet engine: [Apache Tomcat/10.1.28]
20-Aug-2024 15:10:00.110 INFO [main] org.apache.catalina.startup.HostConfig.deployDescriptor Deploying deployment descriptor [C:\Users\hp\IdeaProjects\JSPMangoDB\conf\Catalina\localhost\JSPMangoDB.xml]
20-Aug-2024 15:10:00.462 INFO [main] org.apache.jasper.servlet.TldScanner.scanJars At least one JAR was scanned for TLDs yet contained no TLDs. Enable debug logging for this logger for a complete list of JARs that were scanned but no TLDs were found in them. Skipping unneeded JARs during scanning can improve startup time and JSP compilation time.
20-Aug-2024 15:10:00.512 INFO [main] org.apache.catalina.startup.HostConfig.deployDescriptor Deployment of deployment descriptor [C:\Users\hp\IdeaProjects\JSPMangoDB\conf\Catalina\localhost\JSPMangoDB.xml] has finished in [401] ms
20-Aug-2024 15:10:00.517 INFO [main] org.apache.coyote.AbstractProtocol.start Starting ProtocolHandler ["http-nio-8080"]
20-Aug-2024 15:10:00.553 INFO [main] org.apache.catalina.startup.Catalina.start Server startup in [536] milliseconds
20-Aug-2024 15:13:45.719 INFO [Thread-1] org.apache.coyote.AbstractProtocol.pause Pausing ProtocolHandler ["http-nio-8080"]
20-Aug-2024 15:13:45.733 INFO [Thread-1] org.apache.catalina.core.StandardService.stopInternal Stopping service [Catalina]
20-Aug-2024 15:13:45.745 INFO [Thread-1] org.apache.coyote.AbstractProtocol.stop Stopping ProtocolHandler ["http-nio-8080"]
20-Aug-2024 15:13:45.765 INFO [Thread-1] org.apache.coyote.AbstractProtocol.destroy Destroying ProtocolHandler ["http-nio-8080"]
20-Aug-2024 15:13:47.385 INFO [main] org.apache.catalina.startup.VersionLoggerListener.log Server version name:   Apache Tomcat/10.1.28
20-Aug-2024 15:13:47.391 INFO [main] org.apache.catalina.startup.VersionLoggerListener.log Server built:          Aug 2 2024 15:14:43 UTC
20-Aug-2024 15:13:47.391 INFO [main] org.apache.catalina.startup.VersionLoggerListener.log Server version number: 10.1.28.0
20-Aug-2024 15:13:47.391 INFO [main] org.apache.catalina.startup.VersionLoggerListener.log OS Name:               Windows 11
20-Aug-2024 15:13:47.391 INFO [main] org.apache.catalina.startup.VersionLoggerListener.log OS Version:            10.0
20-Aug-2024 15:13:47.391 INFO [main] org.apache.catalina.startup.VersionLoggerListener.log Architecture:          amd64
20-Aug-2024 15:13:47.391 INFO [main] org.apache.catalina.startup.VersionLoggerListener.log Java Home:             C:\Program Files\Java\jdk-22
20-Aug-2024 15:13:47.392 INFO [main] org.apache.catalina.startup.VersionLoggerListener.log JVM Version:           22.0.2+9-70
20-Aug-2024 15:13:47.392 INFO [main] org.apache.catalina.startup.VersionLoggerListener.log JVM Vendor:            Oracle Corporation
20-Aug-2024 15:13:47.392 INFO [main] org.apache.catalina.startup.VersionLoggerListener.log CATALINA_BASE:         C:\Users\hp\IdeaProjects\JSPMangoDB
20-Aug-2024 15:13:47.392 INFO [main] org.apache.catalina.startup.VersionLoggerListener.log CATALINA_HOME:         C:\Users\hp\Downloads\apache-tomcat-10.1.28-windows-x64\apache-tomcat-10.1.28
20-Aug-2024 15:13:47.405 INFO [main] org.apache.catalina.startup.VersionLoggerListener.log Command line argument: --add-opens=java.base/java.lang=ALL-UNNAMED
20-Aug-2024 15:13:47.405 INFO [main] org.apache.catalina.startup.VersionLoggerListener.log Command line argument: --add-opens=java.base/java.io=ALL-UNNAMED
20-Aug-2024 15:13:47.405 INFO [main] org.apache.catalina.startup.VersionLoggerListener.log Command line argument: --add-opens=java.base/java.util=ALL-UNNAMED
20-Aug-2024 15:13:47.406 INFO [main] org.apache.catalina.startup.VersionLoggerListener.log Command line argument: --add-opens=java.base/java.util.concurrent=ALL-UNNAMED
20-Aug-2024 15:13:47.406 INFO [main] org.apache.catalina.startup.VersionLoggerListener.log Command line argument: --add-opens=java.rmi/sun.rmi.transport=ALL-UNNAMED
20-Aug-2024 15:13:47.407 INFO [main] org.apache.catalina.startup.VersionLoggerListener.log Command line argument: -Dcatalina.home=C:\Users\hp\Downloads\apache-tomcat-10.1.28-windows-x64\apache-tomcat-10.1.28
20-Aug-2024 15:13:47.407 INFO [main] org.apache.catalina.startup.VersionLoggerListener.log Command line argument: -Dcatalina.base=C:\Users\hp\IdeaProjects\JSPMangoDB
20-Aug-2024 15:13:47.407 INFO [main] org.apache.catalina.startup.VersionLoggerListener.log Command line argument: -Djava.io.tmpdir=C:\Users\hp\IdeaProjects\JSPMangoDB\temp
20-Aug-2024 15:13:47.407 INFO [main] org.apache.catalina.startup.VersionLoggerListener.log Command line argument: -Djava.util.logging.config.file=C:\Users\hp\IdeaProjects\JSPMangoDB\conf\logging.properties
20-Aug-2024 15:13:47.408 INFO [main] org.apache.catalina.startup.VersionLoggerListener.log Command line argument: -Djava.util.logging.manager=org.apache.juli.ClassLoaderLogManager
20-Aug-2024 15:13:47.408 INFO [main] org.apache.catalina.startup.VersionLoggerListener.log Command line argument: -javaagent:C:\Program Files\JetBrains\IntelliJ IDEA Community Edition 2024.1.4\lib\idea_rt.jar=12284:C:\Program Files\JetBrains\IntelliJ IDEA Community Edition 2024.1.4\bin
20-Aug-2024 15:13:47.408 INFO [main] org.apache.catalina.startup.VersionLoggerListener.log Command line argument: -Dfile.encoding=UTF-8
20-Aug-2024 15:13:47.408 INFO [main] org.apache.catalina.startup.VersionLoggerListener.log Command line argument: -Dsun.stdout.encoding=UTF-8
20-Aug-2024 15:13:47.408 INFO [main] org.apache.catalina.startup.VersionLoggerListener.log Command line argument: -Dsun.stderr.encoding=UTF-8
20-Aug-2024 15:13:47.412 INFO [main] org.apache.catalina.core.AprLifecycleListener.lifecycleEvent Loaded Apache Tomcat Native library [2.0.8] using APR version [1.7.4].
20-Aug-2024 15:13:47.421 INFO [main] org.apache.catalina.core.AprLifecycleListener.initializeSSL OpenSSL successfully initialized [OpenSSL 3.0.14 4 Jun 2024]
20-Aug-2024 15:13:47.803 INFO [main] org.apache.coyote.AbstractProtocol.init Initializing ProtocolHandler ["http-nio-8080"]
20-Aug-2024 15:13:47.823 INFO [main] org.apache.catalina.startup.Catalina.load Server initialization in [710] milliseconds
20-Aug-2024 15:13:47.878 INFO [main] org.apache.catalina.core.StandardService.startInternal Starting service [Catalina]
20-Aug-2024 15:13:47.878 INFO [main] org.apache.catalina.core.StandardEngine.startInternal Starting Servlet engine: [Apache Tomcat/10.1.28]
20-Aug-2024 15:13:47.889 INFO [main] org.apache.catalina.startup.HostConfig.deployDescriptor Deploying deployment descriptor [C:\Users\hp\IdeaProjects\JSPMangoDB\conf\Catalina\localhost\JSPMangoDB.xml]
20-Aug-2024 15:13:48.307 INFO [main] org.apache.jasper.servlet.TldScanner.scanJars At least one JAR was scanned for TLDs yet contained no TLDs. Enable debug logging for this logger for a complete list of JARs that were scanned but no TLDs were found in them. Skipping unneeded JARs during scanning can improve startup time and JSP compilation time.
20-Aug-2024 15:13:48.358 INFO [main] org.apache.catalina.startup.HostConfig.deployDescriptor Deployment of deployment descriptor [C:\Users\hp\IdeaProjects\JSPMangoDB\conf\Catalina\localhost\JSPMangoDB.xml] has finished in [468] ms
20-Aug-2024 15:13:48.363 INFO [main] org.apache.coyote.AbstractProtocol.start Starting ProtocolHandler ["http-nio-8080"]
20-Aug-2024 15:13:48.396 INFO [main] org.apache.catalina.startup.Catalina.start Server startup in [570] milliseconds
20-Aug-2024 15:14:46.005 INFO [Thread-1] org.apache.coyote.AbstractProtocol.pause Pausing ProtocolHandler ["http-nio-8080"]
20-Aug-2024 15:14:46.019 INFO [Thread-1] org.apache.catalina.core.StandardService.stopInternal Stopping service [Catalina]
20-Aug-2024 15:14:46.029 INFO [Thread-1] org.apache.coyote.AbstractProtocol.stop Stopping ProtocolHandler ["http-nio-8080"]
20-Aug-2024 15:14:46.033 INFO [Thread-1] org.apache.coyote.AbstractProtocol.destroy Destroying ProtocolHandler ["http-nio-8080"]
20-Aug-2024 15:14:47.440 INFO [main] org.apache.catalina.startup.VersionLoggerListener.log Server version name:   Apache Tomcat/10.1.28
20-Aug-2024 15:14:47.445 INFO [main] org.apache.catalina.startup.VersionLoggerListener.log Server built:          Aug 2 2024 15:14:43 UTC
20-Aug-2024 15:14:47.445 INFO [main] org.apache.catalina.startup.VersionLoggerListener.log Server version number: 10.1.28.0
20-Aug-2024 15:14:47.445 INFO [main] org.apache.catalina.startup.VersionLoggerListener.log OS Name:               Windows 11
20-Aug-2024 15:14:47.445 INFO [main] org.apache.catalina.startup.VersionLoggerListener.log OS Version:            10.0
20-Aug-2024 15:14:47.445 INFO [main] org.apache.catalina.startup.VersionLoggerListener.log Architecture:          amd64
20-Aug-2024 15:14:47.445 INFO [main] org.apache.catalina.startup.VersionLoggerListener.log Java Home:             C:\Program Files\Java\jdk-22
20-Aug-2024 15:14:47.445 INFO [main] org.apache.catalina.startup.VersionLoggerListener.log JVM Version:           22.0.2+9-70
20-Aug-2024 15:14:47.445 INFO [main] org.apache.catalina.startup.VersionLoggerListener.log JVM Vendor:            Oracle Corporation
20-Aug-2024 15:14:47.446 INFO [main] org.apache.catalina.startup.VersionLoggerListener.log CATALINA_BASE:         C:\Users\hp\IdeaProjects\JSPMangoDB
20-Aug-2024 15:14:47.446 INFO [main] org.apache.catalina.startup.VersionLoggerListener.log CATALINA_HOME:         C:\Users\hp\Downloads\apache-tomcat-10.1.28-windows-x64\apache-tomcat-10.1.28
20-Aug-2024 15:14:47.455 INFO [main] org.apache.catalina.startup.VersionLoggerListener.log Command line argument: --add-opens=java.base/java.lang=ALL-UNNAMED
20-Aug-2024 15:14:47.455 INFO [main] org.apache.catalina.startup.VersionLoggerListener.log Command line argument: --add-opens=java.base/java.io=ALL-UNNAMED
20-Aug-2024 15:14:47.455 INFO [main] org.apache.catalina.startup.VersionLoggerListener.log Command line argument: --add-opens=java.base/java.util=ALL-UNNAMED
20-Aug-2024 15:14:47.455 INFO [main] org.apache.catalina.startup.VersionLoggerListener.log Command line argument: --add-opens=java.base/java.util.concurrent=ALL-UNNAMED
20-Aug-2024 15:14:47.455 INFO [main] org.apache.catalina.startup.VersionLoggerListener.log Command line argument: --add-opens=java.rmi/sun.rmi.transport=ALL-UNNAMED
20-Aug-2024 15:14:47.455 INFO [main] org.apache.catalina.startup.VersionLoggerListener.log Command line argument: -Dcatalina.home=C:\Users\hp\Downloads\apache-tomcat-10.1.28-windows-x64\apache-tomcat-10.1.28
20-Aug-2024 15:14:47.456 INFO [main] org.apache.catalina.startup.VersionLoggerListener.log Command line argument: -Dcatalina.base=C:\Users\hp\IdeaProjects\JSPMangoDB
20-Aug-2024 15:14:47.456 INFO [main] org.apache.catalina.startup.VersionLoggerListener.log Command line argument: -Djava.io.tmpdir=C:\Users\hp\IdeaProjects\JSPMangoDB\temp
20-Aug-2024 15:14:47.456 INFO [main] org.apache.catalina.startup.VersionLoggerListener.log Command line argument: -Djava.util.logging.config.file=C:\Users\hp\IdeaProjects\JSPMangoDB\conf\logging.properties
20-Aug-2024 15:14:47.456 INFO [main] org.apache.catalina.startup.VersionLoggerListener.log Command line argument: -Djava.util.logging.manager=org.apache.juli.ClassLoaderLogManager
20-Aug-2024 15:14:47.456 INFO [main] org.apache.catalina.startup.VersionLoggerListener.log Command line argument: -javaagent:C:\Program Files\JetBrains\IntelliJ IDEA Community Edition 2024.1.4\lib\idea_rt.jar=12299:C:\Program Files\JetBrains\IntelliJ IDEA Community Edition 2024.1.4\bin
20-Aug-2024 15:14:47.456 INFO [main] org.apache.catalina.startup.VersionLoggerListener.log Command line argument: -Dfile.encoding=UTF-8
20-Aug-2024 15:14:47.456 INFO [main] org.apache.catalina.startup.VersionLoggerListener.log Command line argument: -Dsun.stdout.encoding=UTF-8
20-Aug-2024 15:14:47.456 INFO [main] org.apache.catalina.startup.VersionLoggerListener.log Command line argument: -Dsun.stderr.encoding=UTF-8
20-Aug-2024 15:14:47.460 INFO [main] org.apache.catalina.core.AprLifecycleListener.lifecycleEvent Loaded Apache Tomcat Native library [2.0.8] using APR version [1.7.4].
20-Aug-2024 15:14:47.465 INFO [main] org.apache.catalina.core.AprLifecycleListener.initializeSSL OpenSSL successfully initialized [OpenSSL 3.0.14 4 Jun 2024]
20-Aug-2024 15:14:47.863 INFO [main] org.apache.coyote.AbstractProtocol.init Initializing ProtocolHandler ["http-nio-8080"]
20-Aug-2024 15:14:47.885 INFO [main] org.apache.catalina.startup.Catalina.load Server initialization in [673] milliseconds
20-Aug-2024 15:14:47.951 INFO [main] org.apache.catalina.core.StandardService.startInternal Starting service [Catalina]
20-Aug-2024 15:14:47.951 INFO [main] org.apache.catalina.core.StandardEngine.startInternal Starting Servlet engine: [Apache Tomcat/10.1.28]
20-Aug-2024 15:14:47.965 INFO [main] org.apache.catalina.startup.HostConfig.deployDescriptor Deploying deployment descriptor [C:\Users\hp\IdeaProjects\JSPMangoDB\conf\Catalina\localhost\JSPMangoDB.xml]
20-Aug-2024 15:14:48.353 INFO [main] org.apache.jasper.servlet.TldScanner.scanJars At least one JAR was scanned for TLDs yet contained no TLDs. Enable debug logging for this logger for a complete list of JARs that were scanned but no TLDs were found in them. Skipping unneeded JARs during scanning can improve startup time and JSP compilation time.
20-Aug-2024 15:14:48.411 INFO [main] org.apache.catalina.startup.HostConfig.deployDescriptor Deployment of deployment descriptor [C:\Users\hp\IdeaProjects\JSPMangoDB\conf\Catalina\localhost\JSPMangoDB.xml] has finished in [446] ms
20-Aug-2024 15:14:48.417 INFO [main] org.apache.coyote.AbstractProtocol.start Starting ProtocolHandler ["http-nio-8080"]
20-Aug-2024 15:14:48.459 INFO [main] org.apache.catalina.startup.Catalina.start Server startup in [571] milliseconds
20-Aug-2024 15:15:31.539 INFO [Thread-1] org.apache.coyote.AbstractProtocol.pause Pausing ProtocolHandler ["http-nio-8080"]
20-Aug-2024 15:15:31.551 INFO [Thread-1] org.apache.catalina.core.StandardService.stopInternal Stopping service [Catalina]
20-Aug-2024 15:15:31.561 INFO [Thread-1] org.apache.coyote.AbstractProtocol.stop Stopping ProtocolHandler ["http-nio-8080"]
20-Aug-2024 15:15:31.564 INFO [Thread-1] org.apache.coyote.AbstractProtocol.destroy Destroying ProtocolHandler ["http-nio-8080"]
20-Aug-2024 15:15:34.705 INFO [main] org.apache.catalina.startup.VersionLoggerListener.log Server version name:   Apache Tomcat/10.1.28
20-Aug-2024 15:15:34.709 INFO [main] org.apache.catalina.startup.VersionLoggerListener.log Server built:          Aug 2 2024 15:14:43 UTC
20-Aug-2024 15:15:34.709 INFO [main] org.apache.catalina.startup.VersionLoggerListener.log Server version number: 10.1.28.0
20-Aug-2024 15:15:34.709 INFO [main] org.apache.catalina.startup.VersionLoggerListener.log OS Name:               Windows 11
20-Aug-2024 15:15:34.710 INFO [main] org.apache.catalina.startup.VersionLoggerListener.log OS Version:            10.0
20-Aug-2024 15:15:34.710 INFO [main] org.apache.catalina.startup.VersionLoggerListener.log Architecture:          amd64
20-Aug-2024 15:15:34.710 INFO [main] org.apache.catalina.startup.VersionLoggerListener.log Java Home:             C:\Program Files\Java\jdk-22
20-Aug-2024 15:15:34.710 INFO [main] org.apache.catalina.startup.VersionLoggerListener.log JVM Version:           22.0.2+9-70
20-Aug-2024 15:15:34.710 INFO [main] org.apache.catalina.startup.VersionLoggerListener.log JVM Vendor:            Oracle Corporation
20-Aug-2024 15:15:34.710 INFO [main] org.apache.catalina.startup.VersionLoggerListener.log CATALINA_BASE:         C:\Users\hp\IdeaProjects\JSPMangoDB
20-Aug-2024 15:15:34.710 INFO [main] org.apache.catalina.startup.VersionLoggerListener.log CATALINA_HOME:         C:\Users\hp\Downloads\apache-tomcat-10.1.28-windows-x64\apache-tomcat-10.1.28
20-Aug-2024 15:15:34.719 INFO [main] org.apache.catalina.startup.VersionLoggerListener.log Command line argument: --add-opens=java.base/java.lang=ALL-UNNAMED
20-Aug-2024 15:15:34.719 INFO [main] org.apache.catalina.startup.VersionLoggerListener.log Command line argument: --add-opens=java.base/java.io=ALL-UNNAMED
20-Aug-2024 15:15:34.719 INFO [main] org.apache.catalina.startup.VersionLoggerListener.log Command line argument: --add-opens=java.base/java.util=ALL-UNNAMED
20-Aug-2024 15:15:34.719 INFO [main] org.apache.catalina.startup.VersionLoggerListener.log Command line argument: --add-opens=java.base/java.util.concurrent=ALL-UNNAMED
20-Aug-2024 15:15:34.719 INFO [main] org.apache.catalina.startup.VersionLoggerListener.log Command line argument: --add-opens=java.rmi/sun.rmi.transport=ALL-UNNAMED
20-Aug-2024 15:15:34.719 INFO [main] org.apache.catalina.startup.VersionLoggerListener.log Command line argument: -Dcatalina.home=C:\Users\hp\Downloads\apache-tomcat-10.1.28-windows-x64\apache-tomcat-10.1.28
20-Aug-2024 15:15:34.719 INFO [main] org.apache.catalina.startup.VersionLoggerListener.log Command line argument: -Dcatalina.base=C:\Users\hp\IdeaProjects\JSPMangoDB
20-Aug-2024 15:15:34.720 INFO [main] org.apache.catalina.startup.VersionLoggerListener.log Command line argument: -Djava.io.tmpdir=C:\Users\hp\IdeaProjects\JSPMangoDB\temp
20-Aug-2024 15:15:34.720 INFO [main] org.apache.catalina.startup.VersionLoggerListener.log Command line argument: -Djava.util.logging.config.file=C:\Users\hp\IdeaProjects\JSPMangoDB\conf\logging.properties
20-Aug-2024 15:15:34.720 INFO [main] org.apache.catalina.startup.VersionLoggerListener.log Command line argument: -Djava.util.logging.manager=org.apache.juli.ClassLoaderLogManager
20-Aug-2024 15:15:34.720 INFO [main] org.apache.catalina.startup.VersionLoggerListener.log Command line argument: -javaagent:C:\Program Files\JetBrains\IntelliJ IDEA Community Edition 2024.1.4\lib\idea_rt.jar=12329:C:\Program Files\JetBrains\IntelliJ IDEA Community Edition 2024.1.4\bin
20-Aug-2024 15:15:34.720 INFO [main] org.apache.catalina.startup.VersionLoggerListener.log Command line argument: -Dfile.encoding=UTF-8
20-Aug-2024 15:15:34.720 INFO [main] org.apache.catalina.startup.VersionLoggerListener.log Command line argument: -Dsun.stdout.encoding=UTF-8
20-Aug-2024 15:15:34.720 INFO [main] org.apache.catalina.startup.VersionLoggerListener.log Command line argument: -Dsun.stderr.encoding=UTF-8
20-Aug-2024 15:15:34.723 INFO [main] org.apache.catalina.core.AprLifecycleListener.lifecycleEvent Loaded Apache Tomcat Native library [2.0.8] using APR version [1.7.4].
20-Aug-2024 15:15:34.729 INFO [main] org.apache.catalina.core.AprLifecycleListener.initializeSSL OpenSSL successfully initialized [OpenSSL 3.0.14 4 Jun 2024]
20-Aug-2024 15:15:35.094 INFO [main] org.apache.coyote.AbstractProtocol.init Initializing ProtocolHandler ["http-nio-8080"]
20-Aug-2024 15:15:35.117 INFO [main] org.apache.catalina.startup.Catalina.load Server initialization in [665] milliseconds
20-Aug-2024 15:15:35.187 INFO [main] org.apache.catalina.core.StandardService.startInternal Starting service [Catalina]
20-Aug-2024 15:15:35.188 INFO [main] org.apache.catalina.core.StandardEngine.startInternal Starting Servlet engine: [Apache Tomcat/10.1.28]
20-Aug-2024 15:15:35.200 INFO [main] org.apache.catalina.startup.HostConfig.deployDescriptor Deploying deployment descriptor [C:\Users\hp\IdeaProjects\JSPMangoDB\conf\Catalina\localhost\JSPMangoDB.xml]
20-Aug-2024 15:15:35.807 INFO [main] org.apache.jasper.servlet.TldScanner.scanJars At least one JAR was scanned for TLDs yet contained no TLDs. Enable debug logging for this logger for a complete list of JARs that were scanned but no TLDs were found in them. Skipping unneeded JARs during scanning can improve startup time and JSP compilation time.
20-Aug-2024 15:15:35.856 INFO [main] org.apache.catalina.startup.HostConfig.deployDescriptor Deployment of deployment descriptor [C:\Users\hp\IdeaProjects\JSPMangoDB\conf\Catalina\localhost\JSPMangoDB.xml] has finished in [656] ms
20-Aug-2024 15:15:35.860 INFO [main] org.apache.coyote.AbstractProtocol.start Starting ProtocolHandler ["http-nio-8080"]
20-Aug-2024 15:15:35.886 INFO [main] org.apache.catalina.startup.Catalina.start Server startup in [767] milliseconds
20-Aug-2024 15:17:40.215 INFO [Thread-1] org.apache.coyote.AbstractProtocol.pause Pausing ProtocolHandler ["http-nio-8080"]
20-Aug-2024 15:17:40.233 INFO [Thread-1] org.apache.catalina.core.StandardService.stopInternal Stopping service [Catalina]
20-Aug-2024 15:17:40.249 INFO [Thread-1] org.apache.coyote.AbstractProtocol.stop Stopping ProtocolHandler ["http-nio-8080"]
20-Aug-2024 15:17:40.269 INFO [Thread-1] org.apache.coyote.AbstractProtocol.destroy Destroying ProtocolHandler ["http-nio-8080"]
20-Aug-2024 15:17:41.780 INFO [main] org.apache.catalina.startup.VersionLoggerListener.log Server version name:   Apache Tomcat/10.1.28
20-Aug-2024 15:17:41.785 INFO [main] org.apache.catalina.startup.VersionLoggerListener.log Server built:          Aug 2 2024 15:14:43 UTC
20-Aug-2024 15:17:41.785 INFO [main] org.apache.catalina.startup.VersionLoggerListener.log Server version number: 10.1.28.0
20-Aug-2024 15:17:41.787 INFO [main] org.apache.catalina.startup.VersionLoggerListener.log OS Name:               Windows 11
20-Aug-2024 15:17:41.787 INFO [main] org.apache.catalina.startup.VersionLoggerListener.log OS Version:            10.0
20-Aug-2024 15:17:41.787 INFO [main] org.apache.catalina.startup.VersionLoggerListener.log Architecture:          amd64
20-Aug-2024 15:17:41.787 INFO [main] org.apache.catalina.startup.VersionLoggerListener.log Java Home:             C:\Program Files\Java\jdk-22
20-Aug-2024 15:17:41.787 INFO [main] org.apache.catalina.startup.VersionLoggerListener.log JVM Version:           22.0.2+9-70
20-Aug-2024 15:17:41.787 INFO [main] org.apache.catalina.startup.VersionLoggerListener.log JVM Vendor:            Oracle Corporation
20-Aug-2024 15:17:41.787 INFO [main] org.apache.catalina.startup.VersionLoggerListener.log CATALINA_BASE:         C:\Users\hp\IdeaProjects\JSPMangoDB
20-Aug-2024 15:17:41.788 INFO [main] org.apache.catalina.startup.VersionLoggerListener.log CATALINA_HOME:         C:\Users\hp\Downloads\apache-tomcat-10.1.28-windows-x64\apache-tomcat-10.1.28
20-Aug-2024 15:17:41.798 INFO [main] org.apache.catalina.startup.VersionLoggerListener.log Command line argument: --add-opens=java.base/java.lang=ALL-UNNAMED
20-Aug-2024 15:17:41.800 INFO [main] org.apache.catalina.startup.VersionLoggerListener.log Command line argument: --add-opens=java.base/java.io=ALL-UNNAMED
20-Aug-2024 15:17:41.800 INFO [main] org.apache.catalina.startup.VersionLoggerListener.log Command line argument: --add-opens=java.base/java.util=ALL-UNNAMED
20-Aug-2024 15:17:41.800 INFO [main] org.apache.catalina.startup.VersionLoggerListener.log Command line argument: --add-opens=java.base/java.util.concurrent=ALL-UNNAMED
20-Aug-2024 15:17:41.800 INFO [main] org.apache.catalina.startup.VersionLoggerListener.log Command line argument: --add-opens=java.rmi/sun.rmi.transport=ALL-UNNAMED
20-Aug-2024 15:17:41.800 INFO [main] org.apache.catalina.startup.VersionLoggerListener.log Command line argument: -Dcatalina.home=C:\Users\hp\Downloads\apache-tomcat-10.1.28-windows-x64\apache-tomcat-10.1.28
20-Aug-2024 15:17:41.800 INFO [main] org.apache.catalina.startup.VersionLoggerListener.log Command line argument: -Dcatalina.base=C:\Users\hp\IdeaProjects\JSPMangoDB
20-Aug-2024 15:17:41.800 INFO [main] org.apache.catalina.startup.VersionLoggerListener.log Command line argument: -Djava.io.tmpdir=C:\Users\hp\IdeaProjects\JSPMangoDB\temp
20-Aug-2024 15:17:41.800 INFO [main] org.apache.catalina.startup.VersionLoggerListener.log Command line argument: -Djava.util.logging.config.file=C:\Users\hp\IdeaProjects\JSPMangoDB\conf\logging.properties
20-Aug-2024 15:17:41.800 INFO [main] org.apache.catalina.startup.VersionLoggerListener.log Command line argument: -Djava.util.logging.manager=org.apache.juli.ClassLoaderLogManager
20-Aug-2024 15:17:41.800 INFO [main] org.apache.catalina.startup.VersionLoggerListener.log Command line argument: -javaagent:C:\Program Files\JetBrains\IntelliJ IDEA Community Edition 2024.1.4\lib\idea_rt.jar=12351:C:\Program Files\JetBrains\IntelliJ IDEA Community Edition 2024.1.4\bin
20-Aug-2024 15:17:41.800 INFO [main] org.apache.catalina.startup.VersionLoggerListener.log Command line argument: -Dfile.encoding=UTF-8
20-Aug-2024 15:17:41.800 INFO [main] org.apache.catalina.startup.VersionLoggerListener.log Command line argument: -Dsun.stdout.encoding=UTF-8
20-Aug-2024 15:17:41.800 INFO [main] org.apache.catalina.startup.VersionLoggerListener.log Command line argument: -Dsun.stderr.encoding=UTF-8
20-Aug-2024 15:17:41.802 INFO [main] org.apache.catalina.core.AprLifecycleListener.lifecycleEvent Loaded Apache Tomcat Native library [2.0.8] using APR version [1.7.4].
20-Aug-2024 15:17:41.809 INFO [main] org.apache.catalina.core.AprLifecycleListener.initializeSSL OpenSSL successfully initialized [OpenSSL 3.0.14 4 Jun 2024]
20-Aug-2024 15:17:42.212 INFO [main] org.apache.coyote.AbstractProtocol.init Initializing ProtocolHandler ["http-nio-8080"]
20-Aug-2024 15:17:42.237 INFO [main] org.apache.catalina.startup.Catalina.load Server initialization in [700] milliseconds
20-Aug-2024 15:17:42.297 INFO [main] org.apache.catalina.core.StandardService.startInternal Starting service [Catalina]
20-Aug-2024 15:17:42.297 INFO [main] org.apache.catalina.core.StandardEngine.startInternal Starting Servlet engine: [Apache Tomcat/10.1.28]
20-Aug-2024 15:17:42.311 INFO [main] org.apache.catalina.startup.HostConfig.deployDescriptor Deploying deployment descriptor [C:\Users\hp\IdeaProjects\JSPMangoDB\conf\Catalina\localhost\JSPMangoDB.xml]
20-Aug-2024 15:17:42.905 INFO [main] org.apache.jasper.servlet.TldScanner.scanJars At least one JAR was scanned for TLDs yet contained no TLDs. Enable debug logging for this logger for a complete list of JARs that were scanned but no TLDs were found in them. Skipping unneeded JARs during scanning can improve startup time and JSP compilation time.
20-Aug-2024 15:17:42.955 INFO [main] org.apache.catalina.startup.HostConfig.deployDescriptor Deployment of deployment descriptor [C:\Users\hp\IdeaProjects\JSPMangoDB\conf\Catalina\localhost\JSPMangoDB.xml] has finished in [644] ms
20-Aug-2024 15:17:42.959 INFO [main] org.apache.coyote.AbstractProtocol.start Starting ProtocolHandler ["http-nio-8080"]
20-Aug-2024 15:17:42.988 INFO [main] org.apache.catalina.startup.Catalina.start Server startup in [748] milliseconds
20-Aug-2024 15:18:07.803 INFO [Thread-1] org.apache.coyote.AbstractProtocol.pause Pausing ProtocolHandler ["http-nio-8080"]
20-Aug-2024 15:18:07.815 INFO [Thread-1] org.apache.catalina.core.StandardService.stopInternal Stopping service [Catalina]
20-Aug-2024 15:18:07.828 INFO [Thread-1] org.apache.coyote.AbstractProtocol.stop Stopping ProtocolHandler ["http-nio-8080"]
20-Aug-2024 15:18:07.844 INFO [Thread-1] org.apache.coyote.AbstractProtocol.destroy Destroying ProtocolHandler ["http-nio-8080"]
20-Aug-2024 15:18:09.456 INFO [main] org.apache.catalina.startup.VersionLoggerListener.log Server version name:   Apache Tomcat/10.1.28
20-Aug-2024 15:18:09.461 INFO [main] org.apache.catalina.startup.VersionLoggerListener.log Server built:          Aug 2 2024 15:14:43 UTC
20-Aug-2024 15:18:09.462 INFO [main] org.apache.catalina.startup.VersionLoggerListener.log Server version number: 10.1.28.0
20-Aug-2024 15:18:09.462 INFO [main] org.apache.catalina.startup.VersionLoggerListener.log OS Name:               Windows 11
20-Aug-2024 15:18:09.462 INFO [main] org.apache.catalina.startup.VersionLoggerListener.log OS Version:            10.0
20-Aug-2024 15:18:09.462 INFO [main] org.apache.catalina.startup.VersionLoggerListener.log Architecture:          amd64
20-Aug-2024 15:18:09.462 INFO [main] org.apache.catalina.startup.VersionLoggerListener.log Java Home:             C:\Program Files\Java\jdk-22
20-Aug-2024 15:18:09.462 INFO [main] org.apache.catalina.startup.VersionLoggerListener.log JVM Version:           22.0.2+9-70
20-Aug-2024 15:18:09.463 INFO [main] org.apache.catalina.startup.VersionLoggerListener.log JVM Vendor:            Oracle Corporation
20-Aug-2024 15:18:09.463 INFO [main] org.apache.catalina.startup.VersionLoggerListener.log CATALINA_BASE:         C:\Users\hp\IdeaProjects\JSPMangoDB
20-Aug-2024 15:18:09.463 INFO [main] org.apache.catalina.startup.VersionLoggerListener.log CATALINA_HOME:         C:\Users\hp\Downloads\apache-tomcat-10.1.28-windows-x64\apache-tomcat-10.1.28
20-Aug-2024 15:18:09.473 INFO [main] org.apache.catalina.startup.VersionLoggerListener.log Command line argument: --add-opens=java.base/java.lang=ALL-UNNAMED
20-Aug-2024 15:18:09.473 INFO [main] org.apache.catalina.startup.VersionLoggerListener.log Command line argument: --add-opens=java.base/java.io=ALL-UNNAMED
20-Aug-2024 15:18:09.473 INFO [main] org.apache.catalina.startup.VersionLoggerListener.log Command line argument: --add-opens=java.base/java.util=ALL-UNNAMED
20-Aug-2024 15:18:09.473 INFO [main] org.apache.catalina.startup.VersionLoggerListener.log Command line argument: --add-opens=java.base/java.util.concurrent=ALL-UNNAMED
20-Aug-2024 15:18:09.473 INFO [main] org.apache.catalina.startup.VersionLoggerListener.log Command line argument: --add-opens=java.rmi/sun.rmi.transport=ALL-UNNAMED
20-Aug-2024 15:18:09.475 INFO [main] org.apache.catalina.startup.VersionLoggerListener.log Command line argument: -Dcatalina.home=C:\Users\hp\Downloads\apache-tomcat-10.1.28-windows-x64\apache-tomcat-10.1.28
20-Aug-2024 15:18:09.475 INFO [main] org.apache.catalina.startup.VersionLoggerListener.log Command line argument: -Dcatalina.base=C:\Users\hp\IdeaProjects\JSPMangoDB
20-Aug-2024 15:18:09.475 INFO [main] org.apache.catalina.startup.VersionLoggerListener.log Command line argument: -Djava.io.tmpdir=C:\Users\hp\IdeaProjects\JSPMangoDB\temp
20-Aug-2024 15:18:09.475 INFO [main] org.apache.catalina.startup.VersionLoggerListener.log Command line argument: -Djava.util.logging.config.file=C:\Users\hp\IdeaProjects\JSPMangoDB\conf\logging.properties
20-Aug-2024 15:18:09.475 INFO [main] org.apache.catalina.startup.VersionLoggerListener.log Command line argument: -Djava.util.logging.manager=org.apache.juli.ClassLoaderLogManager
20-Aug-2024 15:18:09.475 INFO [main] org.apache.catalina.startup.VersionLoggerListener.log Command line argument: -javaagent:C:\Program Files\JetBrains\IntelliJ IDEA Community Edition 2024.1.4\lib\idea_rt.jar=12364:C:\Program Files\JetBrains\IntelliJ IDEA Community Edition 2024.1.4\bin
20-Aug-2024 15:18:09.475 INFO [main] org.apache.catalina.startup.VersionLoggerListener.log Command line argument: -Dfile.encoding=UTF-8
20-Aug-2024 15:18:09.476 INFO [main] org.apache.catalina.startup.VersionLoggerListener.log Command line argument: -Dsun.stdout.encoding=UTF-8
20-Aug-2024 15:18:09.476 INFO [main] org.apache.catalina.startup.VersionLoggerListener.log Command line argument: -Dsun.stderr.encoding=UTF-8
20-Aug-2024 15:18:09.479 INFO [main] org.apache.catalina.core.AprLifecycleListener.lifecycleEvent Loaded Apache Tomcat Native library [2.0.8] using APR version [1.7.4].
20-Aug-2024 15:18:09.487 INFO [main] org.apache.catalina.core.AprLifecycleListener.initializeSSL OpenSSL successfully initialized [OpenSSL 3.0.14 4 Jun 2024]
20-Aug-2024 15:18:09.864 INFO [main] org.apache.coyote.AbstractProtocol.init Initializing ProtocolHandler ["http-nio-8080"]
20-Aug-2024 15:18:09.885 INFO [main] org.apache.catalina.startup.Catalina.load Server initialization in [716] milliseconds
20-Aug-2024 15:18:09.938 INFO [main] org.apache.catalina.core.StandardService.startInternal Starting service [Catalina]
20-Aug-2024 15:18:09.939 INFO [main] org.apache.catalina.core.StandardEngine.startInternal Starting Servlet engine: [Apache Tomcat/10.1.28]
20-Aug-2024 15:18:09.951 INFO [main] org.apache.catalina.startup.HostConfig.deployDescriptor Deploying deployment descriptor [C:\Users\hp\IdeaProjects\JSPMangoDB\conf\Catalina\localhost\JSPMangoDB.xml]
20-Aug-2024 15:18:10.539 INFO [main] org.apache.jasper.servlet.TldScanner.scanJars At least one JAR was scanned for TLDs yet contained no TLDs. Enable debug logging for this logger for a complete list of JARs that were scanned but no TLDs were found in them. Skipping unneeded JARs during scanning can improve startup time and JSP compilation time.
20-Aug-2024 15:18:10.590 INFO [main] org.apache.catalina.startup.HostConfig.deployDescriptor Deployment of deployment descriptor [C:\Users\hp\IdeaProjects\JSPMangoDB\conf\Catalina\localhost\JSPMangoDB.xml] has finished in [639] ms
20-Aug-2024 15:18:10.594 INFO [main] org.apache.coyote.AbstractProtocol.start Starting ProtocolHandler ["http-nio-8080"]
20-Aug-2024 15:18:10.620 INFO [main] org.apache.catalina.startup.Catalina.start Server startup in [732] milliseconds
20-Aug-2024 15:20:40.677 INFO [http-nio-8080-exec-1] com.mongodb.diagnostics.logging.JULLogger.log Cluster created with settings {hosts=[localhost:27017], mode=SINGLE, requiredClusterType=UNKNOWN, serverSelectionTimeout='30000 ms', maxWaitQueueSize=500}
20-Aug-2024 15:20:40.952 INFO [cluster-ClusterId{value='66c466f0a6d7fa134f3c2123', description='null'}-localhost:27017] com.mongodb.diagnostics.logging.JULLogger.log Opened connection [connectionId{localValue:1, serverValue:26}] to localhost:27017
20-Aug-2024 15:20:40.973 INFO [cluster-ClusterId{value='66c466f0a6d7fa134f3c2123', description='null'}-localhost:27017] com.mongodb.diagnostics.logging.JULLogger.log Monitor thread successfully connected to server with description ServerDescription{address=localhost:27017, type=STANDALONE, state=CONNECTED, ok=true, version=ServerVersion{versionList=[7, 0, 12]}, minWireVersion=0, maxWireVersion=21, maxDocumentSize=16777216, logicalSessionTimeoutMinutes=30, roundTripTimeNanos=13590900}
20-Aug-2024 15:21:02.444 INFO [http-nio-8080-exec-7] com.mongodb.diagnostics.logging.JULLogger.log Cluster created with settings {hosts=[localhost:27017], mode=SINGLE, requiredClusterType=UNKNOWN, serverSelectionTimeout='30000 ms', maxWaitQueueSize=500}
20-Aug-2024 15:21:02.456 INFO [cluster-ClusterId{value='66c46706a6d7fa134f3c2124', description='null'}-localhost:27017] com.mongodb.diagnostics.logging.JULLogger.log Opened connection [connectionId{localValue:2, serverValue:27}] to localhost:27017
20-Aug-2024 15:21:02.459 INFO [cluster-ClusterId{value='66c46706a6d7fa134f3c2124', description='null'}-localhost:27017] com.mongodb.diagnostics.logging.JULLogger.log Monitor thread successfully connected to server with description ServerDescription{address=localhost:27017, type=STANDALONE, state=CONNECTED, ok=true, version=ServerVersion{versionList=[7, 0, 12]}, minWireVersion=0, maxWireVersion=21, maxDocumentSize=16777216, logicalSessionTimeoutMinutes=30, roundTripTimeNanos=1721700}
20-Aug-2024 15:21:02.503 INFO [http-nio-8080-exec-7] com.mongodb.diagnostics.logging.JULLogger.log Opened connection [connectionId{localValue:3, serverValue:28}] to localhost:27017
20-Aug-2024 15:21:32.147 INFO [http-nio-8080-exec-4] com.mongodb.diagnostics.logging.JULLogger.log Cluster created with settings {hosts=[localhost:27017], mode=SINGLE, requiredClusterType=UNKNOWN, serverSelectionTimeout='30000 ms', maxWaitQueueSize=500}
20-Aug-2024 15:21:32.150 INFO [http-nio-8080-exec-4] com.mongodb.diagnostics.logging.JULLogger.log Cluster description not yet available. Waiting for 30000 ms before timing out
20-Aug-2024 15:21:32.158 INFO [cluster-ClusterId{value='66c46724a6d7fa134f3c2125', description='null'}-localhost:27017] com.mongodb.diagnostics.logging.JULLogger.log Opened connection [connectionId{localValue:4, serverValue:43}] to localhost:27017
20-Aug-2024 15:21:32.160 INFO [cluster-ClusterId{value='66c46724a6d7fa134f3c2125', description='null'}-localhost:27017] com.mongodb.diagnostics.logging.JULLogger.log Monitor thread successfully connected to server with description ServerDescription{address=localhost:27017, type=STANDALONE, state=CONNECTED, ok=true, version=ServerVersion{versionList=[7, 0, 12]}, minWireVersion=0, maxWireVersion=21, maxDocumentSize=16777216, logicalSessionTimeoutMinutes=30, roundTripTimeNanos=1487100}
20-Aug-2024 15:21:32.168 INFO [http-nio-8080-exec-4] com.mongodb.diagnostics.logging.JULLogger.log Opened connection [connectionId{localValue:5, serverValue:44}] to localhost:27017
20-Aug-2024 15:24:37.294 INFO [http-nio-8080-exec-2] com.mongodb.diagnostics.logging.JULLogger.log Cluster created with settings {hosts=[localhost:27017], mode=SINGLE, requiredClusterType=UNKNOWN, serverSelectionTimeout='30000 ms', maxWaitQueueSize=500}
20-Aug-2024 15:24:37.297 INFO [http-nio-8080-exec-2] com.mongodb.diagnostics.logging.JULLogger.log Cluster description not yet available. Waiting for 30000 ms before timing out
20-Aug-2024 15:24:37.302 INFO [cluster-ClusterId{value='66c467dda6d7fa134f3c2126', description='null'}-localhost:27017] com.mongodb.diagnostics.logging.JULLogger.log Opened connection [connectionId{localValue:6, serverValue:45}] to localhost:27017
20-Aug-2024 15:24:37.304 INFO [cluster-ClusterId{value='66c467dda6d7fa134f3c2126', description='null'}-localhost:27017] com.mongodb.diagnostics.logging.JULLogger.log Monitor thread successfully connected to server with description ServerDescription{address=localhost:27017, type=STANDALONE, state=CONNECTED, ok=true, version=ServerVersion{versionList=[7, 0, 12]}, minWireVersion=0, maxWireVersion=21, maxDocumentSize=16777216, logicalSessionTimeoutMinutes=30, roundTripTimeNanos=802700}
20-Aug-2024 15:24:37.310 INFO [http-nio-8080-exec-2] com.mongodb.diagnostics.logging.JULLogger.log Opened connection [connectionId{localValue:7, serverValue:46}] to localhost:27017
20-Aug-2024 15:24:54.270 INFO [http-nio-8080-exec-1] com.mongodb.diagnostics.logging.JULLogger.log Cluster created with settings {hosts=[localhost:27017], mode=SINGLE, requiredClusterType=UNKNOWN, serverSelectionTimeout='30000 ms', maxWaitQueueSize=500}
20-Aug-2024 15:24:54.277 INFO [cluster-ClusterId{value='66c467eea6d7fa134f3c2127', description='null'}-localhost:27017] com.mongodb.diagnostics.logging.JULLogger.log Opened connection [connectionId{localValue:8, serverValue:47}] to localhost:27017
20-Aug-2024 15:24:54.280 INFO [cluster-ClusterId{value='66c467eea6d7fa134f3c2127', description='null'}-localhost:27017] com.mongodb.diagnostics.logging.JULLogger.log Monitor thread successfully connected to server with description ServerDescription{address=localhost:27017, type=STANDALONE, state=CONNECTED, ok=true, version=ServerVersion{versionList=[7, 0, 12]}, minWireVersion=0, maxWireVersion=21, maxDocumentSize=16777216, logicalSessionTimeoutMinutes=30, roundTripTimeNanos=1164800}
20-Aug-2024 15:27:17.111 INFO [http-nio-8080-exec-10] com.mongodb.diagnostics.logging.JULLogger.log Cluster created with settings {hosts=[localhost:27017], mode=SINGLE, requiredClusterType=UNKNOWN, serverSelectionTimeout='30000 ms', maxWaitQueueSize=500}
20-Aug-2024 15:27:17.120 INFO [cluster-ClusterId{value='66c4687da6d7fa134f3c2128', description='null'}-localhost:27017] com.mongodb.diagnostics.logging.JULLogger.log Opened connection [connectionId{localValue:9, serverValue:48}] to localhost:27017
20-Aug-2024 15:27:17.122 INFO [cluster-ClusterId{value='66c4687da6d7fa134f3c2128', description='null'}-localhost:27017] com.mongodb.diagnostics.logging.JULLogger.log Monitor thread successfully connected to server with description ServerDescription{address=localhost:27017, type=STANDALONE, state=CONNECTED, ok=true, version=ServerVersion{versionList=[7, 0, 12]}, minWireVersion=0, maxWireVersion=21, maxDocumentSize=16777216, logicalSessionTimeoutMinutes=30, roundTripTimeNanos=1001700}
20-Aug-2024 15:27:17.154 INFO [http-nio-8080-exec-10] com.mongodb.diagnostics.logging.JULLogger.log Opened connection [connectionId{localValue:10, serverValue:49}] to localhost:27017
